SF:lib\core\network\auth_service.dart
DA:12,0
DA:13,0
DA:15,0
DA:16,0
DA:19,0
DA:20,0
DA:21,0
DA:22,0
DA:25,0
DA:26,0
DA:27,0
DA:28,0
DA:33,0
DA:34,0
DA:37,0
DA:38,0
DA:39,0
DA:41,0
LF:18
LH:0
end_of_record
SF:lib\core\error\failure.dart
DA:6,2
DA:8,0
DA:9,0
DA:14,0
DA:17,2
DA:21,0
LF:6
LH:2
end_of_record
SF:lib\features\auth\domain\entity\user_entity.dart
DA:7,2
DA:9,0
DA:10,0
DA:12,0
DA:13,0
DA:16,0
DA:17,0
DA:18,0
DA:19,0
DA:45,1
DA:67,0
DA:68,0
DA:69,0
DA:70,0
DA:71,0
DA:72,0
DA:74,0
DA:75,0
DA:76,0
DA:77,0
DA:78,0
DA:79,0
DA:80,0
DA:81,0
DA:82,0
DA:83,0
DA:84,0
DA:85,0
DA:86,0
DA:87,0
DA:92,0
DA:93,0
DA:95,0
DA:96,0
DA:97,0
DA:98,0
DA:101,0
DA:102,0
DA:103,0
DA:104,0
DA:105,0
DA:106,0
DA:107,0
DA:108,0
DA:111,0
DA:112,0
DA:113,0
DA:114,0
DA:116,0
DA:118,0
DA:120,0
DA:124,1
DA:125,1
DA:126,1
DA:127,1
DA:128,1
DA:129,1
DA:130,1
DA:131,1
DA:132,1
DA:133,1
DA:134,1
DA:135,1
DA:136,1
DA:137,1
DA:138,1
DA:139,1
DA:140,1
DA:141,1
DA:142,1
DA:143,1
LF:71
LH:22
end_of_record
SF:lib\features\auth\domain\usecase\auth_login_usecase.dart
DA:12,1
DA:14,1
DA:16,1
DA:17,3
DA:24,1
DA:30,1
DA:32,2
DA:33,1
DA:34,1
DA:37,1
DA:38,2
DA:39,1
DA:43,2
DA:44,1
LF:14
LH:14
end_of_record
SF:lib\features\auth\domain\usecase\auth_register_usecase.dart
DA:13,1
DA:19,1
DA:25,1
DA:26,4
DA:34,1
DA:36,1
DA:38,1
DA:39,1
DA:40,1
DA:41,1
DA:44,2
LF:11
LH:11
end_of_record
