SF:lib\core\network\auth_service.dart
DA:12,0
DA:13,0
DA:15,0
DA:16,0
DA:19,0
DA:20,0
DA:21,0
DA:22,0
DA:25,0
DA:26,0
DA:27,0
DA:28,0
DA:33,0
DA:34,0
DA:37,0
DA:38,0
DA:39,0
DA:41,0
LF:18
LH:0
end_of_record
SF:lib\core\error\failure.dart
DA:6,4
DA:8,0
DA:9,0
DA:14,0
DA:17,4
DA:21,0
LF:6
LH:2
end_of_record
SF:lib\features\auth\domain\entity\user_entity.dart
DA:7,6
DA:9,0
DA:10,0
DA:12,0
DA:13,0
DA:16,0
DA:17,0
DA:18,0
DA:19,0
DA:45,1
DA:67,0
DA:68,0
DA:69,0
DA:70,0
DA:71,0
DA:72,0
DA:74,0
DA:75,0
DA:76,0
DA:77,0
DA:78,0
DA:79,0
DA:80,0
DA:81,0
DA:82,0
DA:83,0
DA:84,0
DA:85,0
DA:86,0
DA:87,0
DA:92,0
DA:93,0
DA:95,0
DA:96,0
DA:97,0
DA:98,0
DA:101,0
DA:102,0
DA:103,0
DA:104,0
DA:105,0
DA:106,0
DA:107,0
DA:108,0
DA:111,0
DA:112,0
DA:113,0
DA:114,0
DA:116,0
DA:118,0
DA:120,0
DA:124,1
DA:125,1
DA:126,1
DA:127,1
DA:128,1
DA:129,1
DA:130,1
DA:131,1
DA:132,1
DA:133,1
DA:134,1
DA:135,1
DA:136,1
DA:137,1
DA:138,1
DA:139,1
DA:140,1
DA:141,1
DA:142,1
DA:143,1
LF:71
LH:22
end_of_record
SF:lib\features\auth\domain\usecase\auth_login_usecase.dart
DA:12,2
DA:14,1
DA:16,1
DA:17,3
DA:24,1
DA:30,1
DA:32,2
DA:33,1
DA:34,1
DA:37,1
DA:38,2
DA:39,1
DA:43,2
DA:44,1
LF:14
LH:14
end_of_record
SF:lib\core\common\snackbar\my_snackbar.dart
DA:3,0
DA:8,0
DA:9,0
DA:10,0
LF:4
LH:0
end_of_record
SF:lib\features\auth\presentation\view\login_view.dart
DA:9,1
DA:15,1
DA:17,1
DA:19,1
DA:20,1
DA:21,1
DA:22,1
DA:23,1
DA:25,1
DA:26,3
DA:27,2
DA:28,1
DA:29,2
DA:30,2
DA:31,1
DA:34,1
DA:38,1
DA:40,1
DA:42,1
DA:44,1
DA:46,1
DA:52,1
DA:60,1
DA:61,1
DA:63,1
DA:64,1
DA:75,1
DA:77,2
DA:83,1
DA:84,1
DA:85,1
DA:86,1
DA:87,1
DA:88,1
DA:89,1
DA:91,1
DA:92,1
DA:99,1
DA:100,1
DA:103,3
DA:106,1
DA:113,1
DA:114,1
DA:118,3
DA:120,3
DA:123,1
DA:125,1
DA:133,1
DA:134,1
DA:135,1
DA:137,1
DA:138,1
DA:139,1
DA:140,1
DA:141,1
DA:142,3
DA:157,1
DA:158,1
DA:161,1
DA:163,2
DA:165,1
DA:166,3
DA:167,2
DA:168,3
DA:172,1
DA:175,1
DA:176,1
DA:180,2
DA:201,1
DA:202,1
DA:203,1
DA:204,1
DA:205,1
DA:207,1
DA:209,1
DA:211,2
DA:218,1
DA:220,1
DA:223,1
DA:224,1
DA:229,1
DA:232,2
DA:233,1
DA:234,1
DA:243,1
DA:244,1
DA:246,1
DA:247,1
DA:249,2
DA:252,1
DA:253,1
DA:259,1
DA:260,1
LF:93
LH:93
end_of_record
SF:lib\features\auth\presentation\view\widgets\custom_text_field.dart
DA:6,1
DA:29,1
DA:31,1
DA:33,1
DA:34,1
DA:35,1
DA:36,1
DA:39,1
DA:43,1
DA:44,1
DA:45,3
DA:46,1
DA:47,1
DA:48,1
DA:49,1
DA:50,1
DA:53,1
DA:54,1
DA:55,1
DA:56,2
DA:59,1
DA:61,1
DA:65,1
DA:66,1
DA:67,1
DA:70,1
DA:71,1
DA:75,1
LF:28
LH:28
end_of_record
SF:lib\features\auth\presentation\view_model\login_view_model\login_view_model.dart
DA:16,1
DA:24,1
DA:25,2
DA:26,2
DA:27,2
DA:28,2
DA:29,2
DA:32,1
DA:33,4
DA:36,1
DA:37,4
DA:40,1
DA:42,5
DA:45,1
DA:47,4
DA:50,1
DA:51,3
DA:56,1
DA:58,2
DA:59,5
DA:62,1
DA:63,1
DA:64,3
DA:68,2
DA:69,1
DA:73,1
DA:74,3
LF:27
LH:27
end_of_record
SF:lib\features\auth\presentation\view_model\login_view_model\login_event.dart
DA:5,4
DA:7,1
DA:8,1
DA:14,2
DA:16,0
DA:17,0
DA:23,2
DA:25,0
DA:26,0
DA:34,3
DA:36,1
DA:37,2
DA:55,2
DA:57,0
DA:58,0
LF:15
LH:9
end_of_record
SF:lib\features\auth\presentation\view_model\login_view_model\login_state.dart
DA:18,9
DA:27,1
DA:35,1
DA:36,1
DA:37,1
DA:38,1
DA:39,1
DA:40,1
DA:41,1
DA:45,1
DA:46,1
DA:47,1
DA:48,1
DA:49,1
DA:50,1
DA:51,1
DA:52,1
LF:17
LH:17
end_of_record
SF:lib\features\auth\domain\usecase\auth_register_usecase.dart
DA:13,2
DA:19,1
DA:25,1
DA:26,4
DA:34,1
DA:36,1
DA:38,1
DA:39,1
DA:40,1
DA:41,1
DA:44,2
LF:11
LH:11
end_of_record
SF:lib\features\auth\presentation\view_model\signup_view_model\detail_view_model\detail_entry_event.dart
DA:5,2
DA:7,1
DA:8,1
DA:16,0
DA:25,2
DA:32,0
DA:33,0
LF:7
LH:4
end_of_record
SF:lib\features\auth\presentation\view_model\signup_view_model\detail_view_model\detail_entry_state.dart
DA:13,5
DA:20,0
DA:21,0
DA:29,1
DA:35,1
DA:36,1
DA:37,1
DA:38,1
DA:39,1
DA:43,1
DA:44,5
LF:11
LH:9
end_of_record
SF:lib\features\auth\presentation\view_model\signup_view_model\detail_view_model\detail_entry_view_model.dart
DA:17,1
DA:26,1
DA:27,2
DA:28,5
DA:31,2
DA:34,1
DA:38,3
DA:40,2
DA:41,1
DA:42,1
DA:43,1
DA:44,1
DA:48,1
DA:49,1
DA:50,3
DA:51,4
DA:53,1
DA:54,3
DA:55,2
DA:56,2
DA:57,1
LF:21
LH:21
end_of_record
SF:lib\features\auth\domain\usecase\auth_otp_usecase.dart
DA:9,0
DA:12,0
DA:14,0
DA:21,0
DA:23,0
DA:24,0
DA:29,0
DA:32,0
DA:34,0
LF:9
LH:0
end_of_record
SF:lib\features\auth\presentation\view\signup_view\detail_entry_view.dart
DA:10,1
DA:21,1
DA:23,1
DA:24,1
DA:25,2
DA:27,1
DA:28,1
DA:40,1
DA:42,3
DA:46,1
DA:48,1
DA:51,1
DA:55,1
DA:56,3
DA:57,2
DA:58,1
DA:60,2
DA:63,1
DA:64,1
DA:65,1
DA:66,2
DA:71,1
DA:73,1
DA:74,1
DA:109,1
DA:111,1
DA:112,1
DA:113,1
DA:114,1
DA:116,1
DA:119,1
DA:121,1
DA:122,1
DA:123,1
DA:124,1
DA:145,1
DA:147,1
DA:157,1
DA:159,1
DA:161,1
DA:168,1
DA:169,1
DA:171,1
DA:173,1
DA:175,1
DA:179,1
DA:180,1
DA:183,1
DA:184,1
DA:188,1
DA:189,2
DA:192,3
DA:201,1
DA:203,1
DA:205,1
DA:212,1
DA:213,1
DA:214,1
DA:215,1
DA:217,1
DA:219,1
DA:221,1
DA:222,1
DA:223,1
DA:226,1
DA:228,1
DA:229,2
DA:230,1
DA:236,1
DA:237,1
DA:240,1
DA:241,1
DA:245,1
DA:246,1
DA:249,2
DA:258,3
DA:269,1
DA:270,1
DA:271,2
DA:272,2
DA:273,2
DA:274,2
DA:277,1
DA:280,3
DA:281,1
DA:282,1
DA:284,1
DA:285,1
DA:286,1
DA:289,1
DA:292,1
DA:293,1
DA:294,1
DA:296,1
DA:302,1
LF:95
LH:95
end_of_record
SF:lib\features\auth\presentation\view_model\signup_view_model\email_view_model\email_entry_state.dart
DA:10,1
DA:16,0
DA:17,0
DA:24,0
DA:29,0
DA:30,0
DA:31,0
DA:32,0
DA:36,0
DA:37,0
LF:10
LH:1
end_of_record
SF:lib\features\auth\presentation\view_model\signup_view_model\email_view_model\email_entry_view_model.dart
DA:10,0
DA:11,0
DA:12,0
DA:13,0
DA:16,0
DA:20,0
DA:23,0
DA:27,0
DA:28,0
DA:30,0
DA:32,0
DA:33,0
DA:34,0
DA:36,0
DA:37,0
DA:38,0
DA:39,0
DA:44,0
DA:45,0
DA:46,0
DA:47,0
DA:48,0
DA:49,0
DA:51,0
DA:57,0
DA:61,0
DA:62,0
LF:27
LH:0
end_of_record
SF:lib\features\auth\presentation\view_model\signup_view_model\email_view_model\email_entry_event.dart
DA:5,0
DA:7,0
DA:8,0
DA:14,0
DA:16,0
DA:17,0
DA:24,0
DA:26,0
DA:27,0
DA:33,0
LF:10
LH:0
end_of_record
